  Main.cpp
C:\Users\Mateja\Desktop\computer-graphics-3d\Source\Main.cpp(142,17): warning C4244: '=': conversion from 'double' to 'float', possible loss of data
C:\Users\Mateja\Desktop\computer-graphics-3d\Source\Main.cpp(143,17): warning C4244: '=': conversion from 'double' to 'float', possible loss of data
C:\Users\Mateja\Desktop\computer-graphics-3d\Source\Main.cpp(147,19): warning C4244: 'initializing': conversion from 'double' to 'float', possible loss of data
C:\Users\Mateja\Desktop\computer-graphics-3d\Source\Main.cpp(148,19): warning C4244: 'initializing': conversion from 'double' to 'float', possible loss of data
C:\Users\Mateja\Desktop\computer-graphics-3d\Source\Main.cpp(149,13): warning C4244: '=': conversion from 'double' to 'float', possible loss of data
C:\Users\Mateja\Desktop\computer-graphics-3d\Source\Main.cpp(150,13): warning C4244: '=': conversion from 'double' to 'float', possible loss of data
C:\Users\Mateja\Desktop\computer-graphics-3d\Source\Main.cpp(629,19): warning C4267: 'initializing': conversion from 'size_t' to 'int', possible loss of data
C:\Users\Mateja\Desktop\computer-graphics-3d\Source\Main.cpp(687,45): warning C4267: '=': conversion from 'size_t' to 'int', possible loss of data
C:\Users\Mateja\Desktop\computer-graphics-3d\Source\Main.cpp(768,15): warning C4244: 'argument': conversion from 'time_t' to 'unsigned int', possible loss of data
C:\Users\Mateja\Desktop\computer-graphics-3d\Source\Main.cpp(890,9): warning C4305: 'initializing': truncation from 'double' to 'float'
C:\Users\Mateja\Desktop\computer-graphics-3d\Source\Main.cpp(890,14): warning C4305: 'initializing': truncation from 'double' to 'float'
C:\Users\Mateja\Desktop\computer-graphics-3d\Source\Main.cpp(890,27): warning C4305: 'initializing': truncation from 'double' to 'float'
C:\Users\Mateja\Desktop\computer-graphics-3d\Source\Main.cpp(890,32): warning C4305: 'initializing': truncation from 'double' to 'float'
C:\Users\Mateja\Desktop\computer-graphics-3d\Source\Main.cpp(890,37): warning C4305: 'initializing': truncation from 'double' to 'float'
C:\Users\Mateja\Desktop\computer-graphics-3d\Source\Main.cpp(891,10): warning C4305: 'initializing': truncation from 'double' to 'float'
C:\Users\Mateja\Desktop\computer-graphics-3d\Source\Main.cpp(891,14): warning C4305: 'initializing': truncation from 'double' to 'float'
C:\Users\Mateja\Desktop\computer-graphics-3d\Source\Main.cpp(891,27): warning C4305: 'initializing': truncation from 'double' to 'float'
C:\Users\Mateja\Desktop\computer-graphics-3d\Source\Main.cpp(891,32): warning C4305: 'initializing': truncation from 'double' to 'float'
C:\Users\Mateja\Desktop\computer-graphics-3d\Source\Main.cpp(891,37): warning C4305: 'initializing': truncation from 'double' to 'float'
C:\Users\Mateja\Desktop\computer-graphics-3d\Source\Main.cpp(892,10): warning C4305: 'initializing': truncation from 'double' to 'float'
C:\Users\Mateja\Desktop\computer-graphics-3d\Source\Main.cpp(892,19): warning C4305: 'initializing': truncation from 'double' to 'float'
C:\Users\Mateja\Desktop\computer-graphics-3d\Source\Main.cpp(892,27): warning C4305: 'initializing': truncation from 'double' to 'float'
C:\Users\Mateja\Desktop\computer-graphics-3d\Source\Main.cpp(892,32): warning C4305: 'initializing': truncation from 'double' to 'float'
C:\Users\Mateja\Desktop\computer-graphics-3d\Source\Main.cpp(892,37): warning C4305: 'initializing': truncation from 'double' to 'float'
C:\Users\Mateja\Desktop\computer-graphics-3d\Source\Main.cpp(893,9): warning C4305: 'initializing': truncation from 'double' to 'float'
C:\Users\Mateja\Desktop\computer-graphics-3d\Source\Main.cpp(893,19): warning C4305: 'initializing': truncation from 'double' to 'float'
C:\Users\Mateja\Desktop\computer-graphics-3d\Source\Main.cpp(893,27): warning C4305: 'initializing': truncation from 'double' to 'float'
C:\Users\Mateja\Desktop\computer-graphics-3d\Source\Main.cpp(893,32): warning C4305: 'initializing': truncation from 'double' to 'float'
C:\Users\Mateja\Desktop\computer-graphics-3d\Source\Main.cpp(893,37): warning C4305: 'initializing': truncation from 'double' to 'float'
C:\Users\Mateja\Desktop\computer-graphics-3d\Source\Main.cpp(895,9): warning C4305: 'initializing': truncation from 'double' to 'float'
C:\Users\Mateja\Desktop\computer-graphics-3d\Source\Main.cpp(895,14): warning C4305: 'initializing': truncation from 'double' to 'float'
C:\Users\Mateja\Desktop\computer-graphics-3d\Source\Main.cpp(895,27): warning C4305: 'initializing': truncation from 'double' to 'float'
C:\Users\Mateja\Desktop\computer-graphics-3d\Source\Main.cpp(895,32): warning C4305: 'initializing': truncation from 'double' to 'float'
C:\Users\Mateja\Desktop\computer-graphics-3d\Source\Main.cpp(895,37): warning C4305: 'initializing': truncation from 'double' to 'float'
C:\Users\Mateja\Desktop\computer-graphics-3d\Source\Main.cpp(896,9): warning C4305: 'initializing': truncation from 'double' to 'float'
C:\Users\Mateja\Desktop\computer-graphics-3d\Source\Main.cpp(896,19): warning C4305: 'initializing': truncation from 'double' to 'float'
C:\Users\Mateja\Desktop\computer-graphics-3d\Source\Main.cpp(896,27): warning C4305: 'initializing': truncation from 'double' to 'float'
C:\Users\Mateja\Desktop\computer-graphics-3d\Source\Main.cpp(896,32): warning C4305: 'initializing': truncation from 'double' to 'float'
C:\Users\Mateja\Desktop\computer-graphics-3d\Source\Main.cpp(896,37): warning C4305: 'initializing': truncation from 'double' to 'float'
C:\Users\Mateja\Desktop\computer-graphics-3d\Source\Main.cpp(897,10): warning C4305: 'initializing': truncation from 'double' to 'float'
C:\Users\Mateja\Desktop\computer-graphics-3d\Source\Main.cpp(897,19): warning C4305: 'initializing': truncation from 'double' to 'float'
C:\Users\Mateja\Desktop\computer-graphics-3d\Source\Main.cpp(897,27): warning C4305: 'initializing': truncation from 'double' to 'float'
C:\Users\Mateja\Desktop\computer-graphics-3d\Source\Main.cpp(897,32): warning C4305: 'initializing': truncation from 'double' to 'float'
C:\Users\Mateja\Desktop\computer-graphics-3d\Source\Main.cpp(897,37): warning C4305: 'initializing': truncation from 'double' to 'float'
C:\Users\Mateja\Desktop\computer-graphics-3d\Source\Main.cpp(898,10): warning C4305: 'initializing': truncation from 'double' to 'float'
C:\Users\Mateja\Desktop\computer-graphics-3d\Source\Main.cpp(898,14): warning C4305: 'initializing': truncation from 'double' to 'float'
C:\Users\Mateja\Desktop\computer-graphics-3d\Source\Main.cpp(898,27): warning C4305: 'initializing': truncation from 'double' to 'float'
C:\Users\Mateja\Desktop\computer-graphics-3d\Source\Main.cpp(898,32): warning C4305: 'initializing': truncation from 'double' to 'float'
C:\Users\Mateja\Desktop\computer-graphics-3d\Source\Main.cpp(898,37): warning C4305: 'initializing': truncation from 'double' to 'float'
C:\Users\Mateja\Desktop\computer-graphics-3d\Source\Main.cpp(901,9): warning C4305: 'initializing': truncation from 'double' to 'float'
C:\Users\Mateja\Desktop\computer-graphics-3d\Source\Main.cpp(901,15): warning C4305: 'initializing': truncation from 'double' to 'float'
C:\Users\Mateja\Desktop\computer-graphics-3d\Source\Main.cpp(901,19): warning C4305: 'initializing': truncation from 'double' to 'float'
C:\Users\Mateja\Desktop\computer-graphics-3d\Source\Main.cpp(901,27): warning C4305: 'initializing': truncation from 'double' to 'float'
C:\Users\Mateja\Desktop\computer-graphics-3d\Source\Main.cpp(901,32): warning C4305: 'initializing': truncation from 'double' to 'float'
C:\Users\Mateja\Desktop\computer-graphics-3d\Source\Main.cpp(901,37): warning C4305: 'initializing': truncation from 'double' to 'float'
C:\Users\Mateja\Desktop\computer-graphics-3d\Source\Main.cpp(901,42): warning C4305: 'initializing': truncation from 'double' to 'float'
C:\Users\Mateja\Desktop\computer-graphics-3d\Source\Main.cpp(902,10): warning C4305: 'initializing': truncation from 'double' to 'float'
C:\Users\Mateja\Desktop\computer-graphics-3d\Source\Main.cpp(902,15): warning C4305: 'initializing': truncation from 'double' to 'float'
C:\Users\Mateja\Desktop\computer-graphics-3d\Source\Main.cpp(902,19): warning C4305: 'initializing': truncation from 'double' to 'float'
C:\Users\Mateja\Desktop\computer-graphics-3d\Source\Main.cpp(902,27): warning C4305: 'initializing': truncation from 'double' to 'float'
C:\Users\Mateja\Desktop\computer-graphics-3d\Source\Main.cpp(902,32): warning C4305: 'initializing': truncation from 'double' to 'float'
C:\Users\Mateja\Desktop\computer-graphics-3d\Source\Main.cpp(902,37): warning C4305: 'initializing': truncation from 'double' to 'float'
C:\Users\Mateja\Desktop\computer-graphics-3d\Source\Main.cpp(902,42): warning C4305: 'initializing': truncation from 'double' to 'float'
C:\Users\Mateja\Desktop\computer-graphics-3d\Source\Main.cpp(903,10): warning C4305: 'initializing': truncation from 'double' to 'float'
C:\Users\Mateja\Desktop\computer-graphics-3d\Source\Main.cpp(903,14): warning C4305: 'initializing': truncation from 'double' to 'float'
C:\Users\Mateja\Desktop\computer-graphics-3d\Source\Main.cpp(903,27): warning C4305: 'initializing': truncation from 'double' to 'float'
C:\Users\Mateja\Desktop\computer-graphics-3d\Source\Main.cpp(903,32): warning C4305: 'initializing': truncation from 'double' to 'float'
C:\Users\Mateja\Desktop\computer-graphics-3d\Source\Main.cpp(903,37): warning C4305: 'initializing': truncation from 'double' to 'float'
C:\Users\Mateja\Desktop\computer-graphics-3d\Source\Main.cpp(903,42): warning C4305: 'initializing': truncation from 'double' to 'float'
C:\Users\Mateja\Desktop\computer-graphics-3d\Source\Main.cpp(904,9): warning C4305: 'initializing': truncation from 'double' to 'float'
C:\Users\Mateja\Desktop\computer-graphics-3d\Source\Main.cpp(904,14): warning C4305: 'initializing': truncation from 'double' to 'float'
C:\Users\Mateja\Desktop\computer-graphics-3d\Source\Main.cpp(904,27): warning C4305: 'initializing': truncation from 'double' to 'float'
C:\Users\Mateja\Desktop\computer-graphics-3d\Source\Main.cpp(904,32): warning C4305: 'initializing': truncation from 'double' to 'float'
C:\Users\Mateja\Desktop\computer-graphics-3d\Source\Main.cpp(904,37): warning C4305: 'initializing': truncation from 'double' to 'float'
C:\Users\Mateja\Desktop\computer-graphics-3d\Source\Main.cpp(904,42): warning C4305: 'initializing': truncation from 'double' to 'float'
C:\Users\Mateja\Desktop\computer-graphics-3d\Source\Main.cpp(907,9): warning C4305: 'initializing': truncation from 'double' to 'float'
C:\Users\Mateja\Desktop\computer-graphics-3d\Source\Main.cpp(907,15): warning C4305: 'initializing': truncation from 'double' to 'float'
C:\Users\Mateja\Desktop\computer-graphics-3d\Source\Main.cpp(907,19): warning C4305: 'initializing': truncation from 'double' to 'float'
C:\Users\Mateja\Desktop\computer-graphics-3d\Source\Main.cpp(907,27): warning C4305: 'initializing': truncation from 'double' to 'float'
C:\Users\Mateja\Desktop\computer-graphics-3d\Source\Main.cpp(907,32): warning C4305: 'initializing': truncation from 'double' to 'float'
C:\Users\Mateja\Desktop\computer-graphics-3d\Source\Main.cpp(907,37): warning C4305: 'initializing': truncation from 'double' to 'float'
C:\Users\Mateja\Desktop\computer-graphics-3d\Source\Main.cpp(908,10): warning C4305: 'initializing': truncation from 'double' to 'float'
C:\Users\Mateja\Desktop\computer-graphics-3d\Source\Main.cpp(908,15): warning C4305: 'initializing': truncation from 'double' to 'float'
C:\Users\Mateja\Desktop\computer-graphics-3d\Source\Main.cpp(908,19): warning C4305: 'initializing': truncation from 'double' to 'float'
C:\Users\Mateja\Desktop\computer-graphics-3d\Source\Main.cpp(908,27): warning C4305: 'initializing': truncation from 'double' to 'float'
C:\Users\Mateja\Desktop\computer-graphics-3d\Source\Main.cpp(908,32): warning C4305: 'initializing': truncation from 'double' to 'float'
C:\Users\Mateja\Desktop\computer-graphics-3d\Source\Main.cpp(908,37): warning C4305: 'initializing': truncation from 'double' to 'float'
C:\Users\Mateja\Desktop\computer-graphics-3d\Source\Main.cpp(909,10): warning C4305: 'initializing': truncation from 'double' to 'float'
C:\Users\Mateja\Desktop\computer-graphics-3d\Source\Main.cpp(909,19): warning C4305: 'initializing': truncation from 'double' to 'float'
C:\Users\Mateja\Desktop\computer-graphics-3d\Source\Main.cpp(909,27): warning C4305: 'initializing': truncation from 'double' to 'float'
C:\Users\Mateja\Desktop\computer-graphics-3d\Source\Main.cpp(909,32): warning C4305: 'initializing': truncation from 'double' to 'float'
C:\Users\Mateja\Desktop\computer-graphics-3d\Source\Main.cpp(909,37): warning C4305: 'initializing': truncation from 'double' to 'float'
C:\Users\Mateja\Desktop\computer-graphics-3d\Source\Main.cpp(910,9): warning C4305: 'initializing': truncation from 'double' to 'float'
C:\Users\Mateja\Desktop\computer-graphics-3d\Source\Main.cpp(910,19): warning C4305: 'initializing': truncation from 'double' to 'float'
C:\Users\Mateja\Desktop\computer-graphics-3d\Source\Main.cpp(910,27): warning C4305: 'initializing': truncation from 'double' to 'float'
C:\Users\Mateja\Desktop\computer-graphics-3d\Source\Main.cpp(910,32): warning C4305: 'initializing': truncation from 'double' to 'float'
C:\Users\Mateja\Desktop\computer-graphics-3d\Source\Main.cpp(910,37): warning C4305: 'initializing': truncation from 'double' to 'float'
C:\Users\Mateja\Desktop\computer-graphics-3d\Source\Main.cpp(913,9): warning C4305: 'initializing': truncation from 'double' to 'float'
C:\Users\Mateja\Desktop\computer-graphics-3d\Source\Main.cpp(913,15): warning C4305: 'initializing': truncation from 'double' to 'float'
C:\Users\Mateja\Desktop\computer-graphics-3d\Source\Main.cpp(913,19): warning C4305: 'initializing': truncation from 'double' to 'float'
C:\Users\Mateja\Desktop\computer-graphics-3d\Source\Main.cpp(913,27): warning C4305: 'initializing': truncation from 'double' to 'float'
C:\Users\Mateja\Desktop\computer-graphics-3d\Source\Main.cpp(913,32): warning C4305: 'initializing': truncation from 'double' to 'float'
C:\Users\Mateja\Desktop\computer-graphics-3d\Source\Main.cpp(913,37): warning C4305: 'initializing': truncation from 'double' to 'float'
C:\Users\Mateja\Desktop\computer-graphics-3d\Source\Main.cpp(914,9): warning C4305: 'initializing': truncation from 'double' to 'float'
C:\Users\Mateja\Desktop\computer-graphics-3d\Source\Main.cpp(914,19): warning C4305: 'initializing': truncation from 'double' to 'float'
C:\Users\Mateja\Desktop\computer-graphics-3d\Source\Main.cpp(914,27): warning C4305: 'initializing': truncation from 'double' to 'float'
C:\Users\Mateja\Desktop\computer-graphics-3d\Source\Main.cpp(914,32): warning C4305: 'initializing': truncation from 'double' to 'float'
C:\Users\Mateja\Desktop\computer-graphics-3d\Source\Main.cpp(914,37): warning C4305: 'initializing': truncation from 'double' to 'float'
C:\Users\Mateja\Desktop\computer-graphics-3d\Source\Main.cpp(915,19): warning C4305: 'initializing': truncation from 'double' to 'float'
C:\Users\Mateja\Desktop\computer-graphics-3d\Source\Main.cpp(915,27): warning C4305: 'initializing': truncation from 'double' to 'float'
C:\Users\Mateja\Desktop\computer-graphics-3d\Source\Main.cpp(915,32): warning C4305: 'initializing': truncation from 'double' to 'float'
C:\Users\Mateja\Desktop\computer-graphics-3d\Source\Main.cpp(915,37): warning C4305: 'initializing': truncation from 'double' to 'float'
C:\Users\Mateja\Desktop\computer-graphics-3d\Source\Main.cpp(916,15): warning C4305: 'initializing': truncation from 'double' to 'float'
C:\Users\Mateja\Desktop\computer-graphics-3d\Source\Main.cpp(916,19): warning C4305: 'initializing': truncation from 'double' to 'float'
C:\Users\Mateja\Desktop\computer-graphics-3d\Source\Main.cpp(916,27): warning C4305: 'initializing': truncation from 'double' to 'float'
C:\Users\Mateja\Desktop\computer-graphics-3d\Source\Main.cpp(916,32): warning C4305: 'initializing': truncation from 'double' to 'float'
C:\Users\Mateja\Desktop\computer-graphics-3d\Source\Main.cpp(916,37): warning C4305: 'initializing': truncation from 'double' to 'float'
C:\Users\Mateja\Desktop\computer-graphics-3d\Source\Main.cpp(919,10): warning C4305: 'initializing': truncation from 'double' to 'float'
C:\Users\Mateja\Desktop\computer-graphics-3d\Source\Main.cpp(919,15): warning C4305: 'initializing': truncation from 'double' to 'float'
C:\Users\Mateja\Desktop\computer-graphics-3d\Source\Main.cpp(919,19): warning C4305: 'initializing': truncation from 'double' to 'float'
C:\Users\Mateja\Desktop\computer-graphics-3d\Source\Main.cpp(919,27): warning C4305: 'initializing': truncation from 'double' to 'float'
C:\Users\Mateja\Desktop\computer-graphics-3d\Source\Main.cpp(919,32): warning C4305: 'initializing': truncation from 'double' to 'float'
C:\Users\Mateja\Desktop\computer-graphics-3d\Source\Main.cpp(919,37): warning C4305: 'initializing': truncation from 'double' to 'float'
C:\Users\Mateja\Desktop\computer-graphics-3d\Source\Main.cpp(920,15): warning C4305: 'initializing': truncation from 'double' to 'float'
C:\Users\Mateja\Desktop\computer-graphics-3d\Source\Main.cpp(920,19): warning C4305: 'initializing': truncation from 'double' to 'float'
C:\Users\Mateja\Desktop\computer-graphics-3d\Source\Main.cpp(920,27): warning C4305: 'initializing': truncation from 'double' to 'float'
C:\Users\Mateja\Desktop\computer-graphics-3d\Source\Main.cpp(920,32): warning C4305: 'initializing': truncation from 'double' to 'float'
C:\Users\Mateja\Desktop\computer-graphics-3d\Source\Main.cpp(920,37): warning C4305: 'initializing': truncation from 'double' to 'float'
C:\Users\Mateja\Desktop\computer-graphics-3d\Source\Main.cpp(921,19): warning C4305: 'initializing': truncation from 'double' to 'float'
C:\Users\Mateja\Desktop\computer-graphics-3d\Source\Main.cpp(921,27): warning C4305: 'initializing': truncation from 'double' to 'float'
C:\Users\Mateja\Desktop\computer-graphics-3d\Source\Main.cpp(921,32): warning C4305: 'initializing': truncation from 'double' to 'float'
C:\Users\Mateja\Desktop\computer-graphics-3d\Source\Main.cpp(921,37): warning C4305: 'initializing': truncation from 'double' to 'float'
C:\Users\Mateja\Desktop\computer-graphics-3d\Source\Main.cpp(922,10): warning C4305: 'initializing': truncation from 'double' to 'float'
C:\Users\Mateja\Desktop\computer-graphics-3d\Source\Main.cpp(922,19): warning C4305: 'initializing': truncation from 'double' to 'float'
C:\Users\Mateja\Desktop\computer-graphics-3d\Source\Main.cpp(922,27): warning C4305: 'initializing': truncation from 'double' to 'float'
C:\Users\Mateja\Desktop\computer-graphics-3d\Source\Main.cpp(922,32): warning C4305: 'initializing': truncation from 'double' to 'float'
C:\Users\Mateja\Desktop\computer-graphics-3d\Source\Main.cpp(922,37): warning C4305: 'initializing': truncation from 'double' to 'float'
C:\Users\Mateja\Desktop\computer-graphics-3d\Source\Main.cpp(925,27): warning C4305: 'initializing': truncation from 'double' to 'float'
C:\Users\Mateja\Desktop\computer-graphics-3d\Source\Main.cpp(925,33): warning C4305: 'initializing': truncation from 'double' to 'float'
C:\Users\Mateja\Desktop\computer-graphics-3d\Source\Main.cpp(925,39): warning C4305: 'initializing': truncation from 'double' to 'float'
C:\Users\Mateja\Desktop\computer-graphics-3d\Source\Main.cpp(926,19): warning C4305: 'initializing': truncation from 'double' to 'float'
C:\Users\Mateja\Desktop\computer-graphics-3d\Source\Main.cpp(926,27): warning C4305: 'initializing': truncation from 'double' to 'float'
C:\Users\Mateja\Desktop\computer-graphics-3d\Source\Main.cpp(926,33): warning C4305: 'initializing': truncation from 'double' to 'float'
C:\Users\Mateja\Desktop\computer-graphics-3d\Source\Main.cpp(926,39): warning C4305: 'initializing': truncation from 'double' to 'float'
C:\Users\Mateja\Desktop\computer-graphics-3d\Source\Main.cpp(927,14): warning C4305: 'initializing': truncation from 'double' to 'float'
C:\Users\Mateja\Desktop\computer-graphics-3d\Source\Main.cpp(927,19): warning C4305: 'initializing': truncation from 'double' to 'float'
C:\Users\Mateja\Desktop\computer-graphics-3d\Source\Main.cpp(927,27): warning C4305: 'initializing': truncation from 'double' to 'float'
C:\Users\Mateja\Desktop\computer-graphics-3d\Source\Main.cpp(927,33): warning C4305: 'initializing': truncation from 'double' to 'float'
C:\Users\Mateja\Desktop\computer-graphics-3d\Source\Main.cpp(927,39): warning C4305: 'initializing': truncation from 'double' to 'float'
C:\Users\Mateja\Desktop\computer-graphics-3d\Source\Main.cpp(928,14): warning C4305: 'initializing': truncation from 'double' to 'float'
C:\Users\Mateja\Desktop\computer-graphics-3d\Source\Main.cpp(928,27): warning C4305: 'initializing': truncation from 'double' to 'float'
C:\Users\Mateja\Desktop\computer-graphics-3d\Source\Main.cpp(928,33): warning C4305: 'initializing': truncation from 'double' to 'float'
C:\Users\Mateja\Desktop\computer-graphics-3d\Source\Main.cpp(928,39): warning C4305: 'initializing': truncation from 'double' to 'float'
C:\Users\Mateja\Desktop\computer-graphics-3d\Source\Main.cpp(931,27): warning C4305: 'initializing': truncation from 'double' to 'float'
C:\Users\Mateja\Desktop\computer-graphics-3d\Source\Main.cpp(931,33): warning C4305: 'initializing': truncation from 'double' to 'float'
C:\Users\Mateja\Desktop\computer-graphics-3d\Source\Main.cpp(931,39): warning C4305: 'initializing': truncation from 'double' to 'float'
C:\Users\Mateja\Desktop\computer-graphics-3d\Source\Main.cpp(932,15): warning C4305: 'initializing': truncation from 'double' to 'float'
C:\Users\Mateja\Desktop\computer-graphics-3d\Source\Main.cpp(932,28): warning C4305: 'initializing': truncation from 'double' to 'float'
C:\Users\Mateja\Desktop\computer-graphics-3d\Source\Main.cpp(932,34): warning C4305: 'initializing': truncation from 'double' to 'float'
C:\Users\Mateja\Desktop\computer-graphics-3d\Source\Main.cpp(932,40): warning C4305: 'initializing': truncation from 'double' to 'float'
C:\Users\Mateja\Desktop\computer-graphics-3d\Source\Main.cpp(933,15): warning C4305: 'initializing': truncation from 'double' to 'float'
C:\Users\Mateja\Desktop\computer-graphics-3d\Source\Main.cpp(933,20): warning C4305: 'initializing': truncation from 'double' to 'float'
C:\Users\Mateja\Desktop\computer-graphics-3d\Source\Main.cpp(933,28): warning C4305: 'initializing': truncation from 'double' to 'float'
C:\Users\Mateja\Desktop\computer-graphics-3d\Source\Main.cpp(933,34): warning C4305: 'initializing': truncation from 'double' to 'float'
C:\Users\Mateja\Desktop\computer-graphics-3d\Source\Main.cpp(933,40): warning C4305: 'initializing': truncation from 'double' to 'float'
C:\Users\Mateja\Desktop\computer-graphics-3d\Source\Main.cpp(934,19): warning C4305: 'initializing': truncation from 'double' to 'float'
C:\Users\Mateja\Desktop\computer-graphics-3d\Source\Main.cpp(934,27): warning C4305: 'initializing': truncation from 'double' to 'float'
C:\Users\Mateja\Desktop\computer-graphics-3d\Source\Main.cpp(934,33): warning C4305: 'initializing': truncation from 'double' to 'float'
C:\Users\Mateja\Desktop\computer-graphics-3d\Source\Main.cpp(934,39): warning C4305: 'initializing': truncation from 'double' to 'float'
C:\Users\Mateja\Desktop\computer-graphics-3d\Source\Main.cpp(937,14): warning C4305: 'initializing': truncation from 'double' to 'float'
C:\Users\Mateja\Desktop\computer-graphics-3d\Source\Main.cpp(938,14): warning C4305: 'initializing': truncation from 'double' to 'float'
C:\Users\Mateja\Desktop\computer-graphics-3d\Source\Main.cpp(938,19): warning C4305: 'initializing': truncation from 'double' to 'float'
C:\Users\Mateja\Desktop\computer-graphics-3d\Source\Main.cpp(939,14): warning C4305: 'initializing': truncation from 'double' to 'float'
C:\Users\Mateja\Desktop\computer-graphics-3d\Source\Main.cpp(939,19): warning C4305: 'initializing': truncation from 'double' to 'float'
C:\Users\Mateja\Desktop\computer-graphics-3d\Source\Main.cpp(940,14): warning C4305: 'initializing': truncation from 'double' to 'float'
C:\Users\Mateja\Desktop\computer-graphics-3d\Source\Main.cpp(943,27): warning C4305: 'initializing': truncation from 'double' to 'float'
C:\Users\Mateja\Desktop\computer-graphics-3d\Source\Main.cpp(943,32): warning C4305: 'initializing': truncation from 'double' to 'float'
C:\Users\Mateja\Desktop\computer-graphics-3d\Source\Main.cpp(943,37): warning C4305: 'initializing': truncation from 'double' to 'float'
C:\Users\Mateja\Desktop\computer-graphics-3d\Source\Main.cpp(944,27): warning C4305: 'initializing': truncation from 'double' to 'float'
C:\Users\Mateja\Desktop\computer-graphics-3d\Source\Main.cpp(944,32): warning C4305: 'initializing': truncation from 'double' to 'float'
C:\Users\Mateja\Desktop\computer-graphics-3d\Source\Main.cpp(944,37): warning C4305: 'initializing': truncation from 'double' to 'float'
C:\Users\Mateja\Desktop\computer-graphics-3d\Source\Main.cpp(945,19): warning C4305: 'initializing': truncation from 'double' to 'float'
C:\Users\Mateja\Desktop\computer-graphics-3d\Source\Main.cpp(945,27): warning C4305: 'initializing': truncation from 'double' to 'float'
C:\Users\Mateja\Desktop\computer-graphics-3d\Source\Main.cpp(945,32): warning C4305: 'initializing': truncation from 'double' to 'float'
C:\Users\Mateja\Desktop\computer-graphics-3d\Source\Main.cpp(945,37): warning C4305: 'initializing': truncation from 'double' to 'float'
C:\Users\Mateja\Desktop\computer-graphics-3d\Source\Main.cpp(946,19): warning C4305: 'initializing': truncation from 'double' to 'float'
C:\Users\Mateja\Desktop\computer-graphics-3d\Source\Main.cpp(946,27): warning C4305: 'initializing': truncation from 'double' to 'float'
C:\Users\Mateja\Desktop\computer-graphics-3d\Source\Main.cpp(946,32): warning C4305: 'initializing': truncation from 'double' to 'float'
C:\Users\Mateja\Desktop\computer-graphics-3d\Source\Main.cpp(946,37): warning C4305: 'initializing': truncation from 'double' to 'float'
C:\Users\Mateja\Desktop\computer-graphics-3d\Source\Main.cpp(949,27): warning C4305: 'initializing': truncation from 'double' to 'float'
C:\Users\Mateja\Desktop\computer-graphics-3d\Source\Main.cpp(949,33): warning C4305: 'initializing': truncation from 'double' to 'float'
C:\Users\Mateja\Desktop\computer-graphics-3d\Source\Main.cpp(949,39): warning C4305: 'initializing': truncation from 'double' to 'float'
C:\Users\Mateja\Desktop\computer-graphics-3d\Source\Main.cpp(950,14): warning C4305: 'initializing': truncation from 'double' to 'float'
C:\Users\Mateja\Desktop\computer-graphics-3d\Source\Main.cpp(950,27): warning C4305: 'initializing': truncation from 'double' to 'float'
C:\Users\Mateja\Desktop\computer-graphics-3d\Source\Main.cpp(950,33): warning C4305: 'initializing': truncation from 'double' to 'float'
C:\Users\Mateja\Desktop\computer-graphics-3d\Source\Main.cpp(950,39): warning C4305: 'initializing': truncation from 'double' to 'float'
C:\Users\Mateja\Desktop\computer-graphics-3d\Source\Main.cpp(951,14): warning C4305: 'initializing': truncation from 'double' to 'float'
C:\Users\Mateja\Desktop\computer-graphics-3d\Source\Main.cpp(951,27): warning C4305: 'initializing': truncation from 'double' to 'float'
C:\Users\Mateja\Desktop\computer-graphics-3d\Source\Main.cpp(951,33): warning C4305: 'initializing': truncation from 'double' to 'float'
C:\Users\Mateja\Desktop\computer-graphics-3d\Source\Main.cpp(951,39): warning C4305: 'initializing': truncation from 'double' to 'float'
C:\Users\Mateja\Desktop\computer-graphics-3d\Source\Main.cpp(952,27): warning C4305: 'initializing': truncation from 'double' to 'float'
C:\Users\Mateja\Desktop\computer-graphics-3d\Source\Main.cpp(952,33): warning C4305: 'initializing': truncation from 'double' to 'float'
C:\Users\Mateja\Desktop\computer-graphics-3d\Source\Main.cpp(952,39): warning C4305: 'initializing': truncation from 'double' to 'float'
C:\Users\Mateja\Desktop\computer-graphics-3d\Source\Main.cpp(955,9): warning C4305: 'initializing': truncation from 'double' to 'float'
C:\Users\Mateja\Desktop\computer-graphics-3d\Source\Main.cpp(955,16): warning C4305: 'initializing': truncation from 'double' to 'float'
C:\Users\Mateja\Desktop\computer-graphics-3d\Source\Main.cpp(955,23): warning C4305: 'initializing': truncation from 'double' to 'float'
C:\Users\Mateja\Desktop\computer-graphics-3d\Source\Main.cpp(955,31): warning C4305: 'initializing': truncation from 'double' to 'float'
C:\Users\Mateja\Desktop\computer-graphics-3d\Source\Main.cpp(955,36): warning C4305: 'initializing': truncation from 'double' to 'float'
C:\Users\Mateja\Desktop\computer-graphics-3d\Source\Main.cpp(955,41): warning C4305: 'initializing': truncation from 'double' to 'float'
C:\Users\Mateja\Desktop\computer-graphics-3d\Source\Main.cpp(956,10): warning C4305: 'initializing': truncation from 'double' to 'float'
C:\Users\Mateja\Desktop\computer-graphics-3d\Source\Main.cpp(956,16): warning C4305: 'initializing': truncation from 'double' to 'float'
C:\Users\Mateja\Desktop\computer-graphics-3d\Source\Main.cpp(956,23): warning C4305: 'initializing': truncation from 'double' to 'float'
C:\Users\Mateja\Desktop\computer-graphics-3d\Source\Main.cpp(956,31): warning C4305: 'initializing': truncation from 'double' to 'float'
C:\Users\Mateja\Desktop\computer-graphics-3d\Source\Main.cpp(956,36): warning C4305: 'initializing': truncation from 'double' to 'float'
C:\Users\Mateja\Desktop\computer-graphics-3d\Source\Main.cpp(956,41): warning C4305: 'initializing': truncation from 'double' to 'float'
C:\Users\Mateja\Desktop\computer-graphics-3d\Source\Main.cpp(957,10): warning C4305: 'initializing': truncation from 'double' to 'float'
C:\Users\Mateja\Desktop\computer-graphics-3d\Source\Main.cpp(957,16): warning C4305: 'initializing': truncation from 'double' to 'float'
C:\Users\Mateja\Desktop\computer-graphics-3d\Source\Main.cpp(957,23): warning C4305: 'initializing': truncation from 'double' to 'float'
C:\Users\Mateja\Desktop\computer-graphics-3d\Source\Main.cpp(957,31): warning C4305: 'initializing': truncation from 'double' to 'float'
C:\Users\Mateja\Desktop\computer-graphics-3d\Source\Main.cpp(957,36): warning C4305: 'initializing': truncation from 'double' to 'float'
C:\Users\Mateja\Desktop\computer-graphics-3d\Source\Main.cpp(957,41): warning C4305: 'initializing': truncation from 'double' to 'float'
C:\Users\Mateja\Desktop\computer-graphics-3d\Source\Main.cpp(958,9): warning C4305: 'initializing': truncation from 'double' to 'float'
C:\Users\Mateja\Desktop\computer-graphics-3d\Source\Main.cpp(958,16): warning C4305: 'initializing': truncation from 'double' to 'float'
C:\Users\Mateja\Desktop\computer-graphics-3d\Source\Main.cpp(958,23): warning C4305: 'initializing': truncation from 'double' to 'float'
C:\Users\Mateja\Desktop\computer-graphics-3d\Source\Main.cpp(958,31): warning C4305: 'initializing': truncation from 'double' to 'float'
C:\Users\Mateja\Desktop\computer-graphics-3d\Source\Main.cpp(958,36): warning C4305: 'initializing': truncation from 'double' to 'float'
C:\Users\Mateja\Desktop\computer-graphics-3d\Source\Main.cpp(958,41): warning C4305: 'initializing': truncation from 'double' to 'float'
C:\Users\Mateja\Desktop\computer-graphics-3d\Source\Main.cpp(961,10): warning C4305: 'initializing': truncation from 'double' to 'float'
C:\Users\Mateja\Desktop\computer-graphics-3d\Source\Main.cpp(961,16): warning C4305: 'initializing': truncation from 'double' to 'float'
C:\Users\Mateja\Desktop\computer-graphics-3d\Source\Main.cpp(961,23): warning C4305: 'initializing': truncation from 'double' to 'float'
C:\Users\Mateja\Desktop\computer-graphics-3d\Source\Main.cpp(961,31): warning C4305: 'initializing': truncation from 'double' to 'float'
C:\Users\Mateja\Desktop\computer-graphics-3d\Source\Main.cpp(961,36): warning C4305: 'initializing': truncation from 'double' to 'float'
C:\Users\Mateja\Desktop\computer-graphics-3d\Source\Main.cpp(961,41): warning C4305: 'initializing': truncation from 'double' to 'float'
C:\Users\Mateja\Desktop\computer-graphics-3d\Source\Main.cpp(962,16): warning C4305: 'initializing': truncation from 'double' to 'float'
C:\Users\Mateja\Desktop\computer-graphics-3d\Source\Main.cpp(962,23): warning C4305: 'initializing': truncation from 'double' to 'float'
C:\Users\Mateja\Desktop\computer-graphics-3d\Source\Main.cpp(962,31): warning C4305: 'initializing': truncation from 'double' to 'float'
C:\Users\Mateja\Desktop\computer-graphics-3d\Source\Main.cpp(962,36): warning C4305: 'initializing': truncation from 'double' to 'float'
C:\Users\Mateja\Desktop\computer-graphics-3d\Source\Main.cpp(962,41): warning C4305: 'initializing': truncation from 'double' to 'float'
C:\Users\Mateja\Desktop\computer-graphics-3d\Source\Main.cpp(963,16): warning C4305: 'initializing': truncation from 'double' to 'float'
C:\Users\Mateja\Desktop\computer-graphics-3d\Source\Main.cpp(963,23): warning C4305: 'initializing': truncation from 'double' to 'float'
C:\Users\Mateja\Desktop\computer-graphics-3d\Source\Main.cpp(963,31): warning C4305: 'initializing': truncation from 'double' to 'float'
C:\Users\Mateja\Desktop\computer-graphics-3d\Source\Main.cpp(963,36): warning C4305: 'initializing': truncation from 'double' to 'float'
C:\Users\Mateja\Desktop\computer-graphics-3d\Source\Main.cpp(963,41): warning C4305: 'initializing': truncation from 'double' to 'float'
C:\Users\Mateja\Desktop\computer-graphics-3d\Source\Main.cpp(964,10): warning C4305: 'initializing': truncation from 'double' to 'float'
C:\Users\Mateja\Desktop\computer-graphics-3d\Source\Main.cpp(964,16): warning C4305: 'initializing': truncation from 'double' to 'float'
C:\Users\Mateja\Desktop\computer-graphics-3d\Source\Main.cpp(964,23): warning C4305: 'initializing': truncation from 'double' to 'float'
C:\Users\Mateja\Desktop\computer-graphics-3d\Source\Main.cpp(964,31): warning C4305: 'initializing': truncation from 'double' to 'float'
C:\Users\Mateja\Desktop\computer-graphics-3d\Source\Main.cpp(964,36): warning C4305: 'initializing': truncation from 'double' to 'float'
C:\Users\Mateja\Desktop\computer-graphics-3d\Source\Main.cpp(964,41): warning C4305: 'initializing': truncation from 'double' to 'float'
C:\Users\Mateja\Desktop\computer-graphics-3d\Source\Main.cpp(967,15): warning C4305: 'initializing': truncation from 'double' to 'float'
C:\Users\Mateja\Desktop\computer-graphics-3d\Source\Main.cpp(967,29): warning C4305: 'initializing': truncation from 'double' to 'float'
C:\Users\Mateja\Desktop\computer-graphics-3d\Source\Main.cpp(967,35): warning C4305: 'initializing': truncation from 'double' to 'float'
C:\Users\Mateja\Desktop\computer-graphics-3d\Source\Main.cpp(967,41): warning C4305: 'initializing': truncation from 'double' to 'float'
C:\Users\Mateja\Desktop\computer-graphics-3d\Source\Main.cpp(968,14): warning C4305: 'initializing': truncation from 'double' to 'float'
C:\Users\Mateja\Desktop\computer-graphics-3d\Source\Main.cpp(968,29): warning C4305: 'initializing': truncation from 'double' to 'float'
C:\Users\Mateja\Desktop\computer-graphics-3d\Source\Main.cpp(968,35): warning C4305: 'initializing': truncation from 'double' to 'float'
C:\Users\Mateja\Desktop\computer-graphics-3d\Source\Main.cpp(968,41): warning C4305: 'initializing': truncation from 'double' to 'float'
C:\Users\Mateja\Desktop\computer-graphics-3d\Source\Main.cpp(969,14): warning C4305: 'initializing': truncation from 'double' to 'float'
C:\Users\Mateja\Desktop\computer-graphics-3d\Source\Main.cpp(969,20): warning C4305: 'initializing': truncation from 'double' to 'float'
C:\Users\Mateja\Desktop\computer-graphics-3d\Source\Main.cpp(969,28): warning C4305: 'initializing': truncation from 'double' to 'float'
C:\Users\Mateja\Desktop\computer-graphics-3d\Source\Main.cpp(969,34): warning C4305: 'initializing': truncation from 'double' to 'float'
C:\Users\Mateja\Desktop\computer-graphics-3d\Source\Main.cpp(969,40): warning C4305: 'initializing': truncation from 'double' to 'float'
C:\Users\Mateja\Desktop\computer-graphics-3d\Source\Main.cpp(970,15): warning C4305: 'initializing': truncation from 'double' to 'float'
C:\Users\Mateja\Desktop\computer-graphics-3d\Source\Main.cpp(970,20): warning C4305: 'initializing': truncation from 'double' to 'float'
C:\Users\Mateja\Desktop\computer-graphics-3d\Source\Main.cpp(970,28): warning C4305: 'initializing': truncation from 'double' to 'float'
C:\Users\Mateja\Desktop\computer-graphics-3d\Source\Main.cpp(970,34): warning C4305: 'initializing': truncation from 'double' to 'float'
C:\Users\Mateja\Desktop\computer-graphics-3d\Source\Main.cpp(970,40): warning C4305: 'initializing': truncation from 'double' to 'float'
C:\Users\Mateja\Desktop\computer-graphics-3d\Source\Main.cpp(973,15): warning C4305: 'initializing': truncation from 'double' to 'float'
C:\Users\Mateja\Desktop\computer-graphics-3d\Source\Main.cpp(973,28): warning C4305: 'initializing': truncation from 'double' to 'float'
C:\Users\Mateja\Desktop\computer-graphics-3d\Source\Main.cpp(973,34): warning C4305: 'initializing': truncation from 'double' to 'float'
C:\Users\Mateja\Desktop\computer-graphics-3d\Source\Main.cpp(973,40): warning C4305: 'initializing': truncation from 'double' to 'float'
C:\Users\Mateja\Desktop\computer-graphics-3d\Source\Main.cpp(974,14): warning C4305: 'initializing': truncation from 'double' to 'float'
C:\Users\Mateja\Desktop\computer-graphics-3d\Source\Main.cpp(974,28): warning C4305: 'initializing': truncation from 'double' to 'float'
C:\Users\Mateja\Desktop\computer-graphics-3d\Source\Main.cpp(974,34): warning C4305: 'initializing': truncation from 'double' to 'float'
C:\Users\Mateja\Desktop\computer-graphics-3d\Source\Main.cpp(974,40): warning C4305: 'initializing': truncation from 'double' to 'float'
C:\Users\Mateja\Desktop\computer-graphics-3d\Source\Main.cpp(975,14): warning C4305: 'initializing': truncation from 'double' to 'float'
C:\Users\Mateja\Desktop\computer-graphics-3d\Source\Main.cpp(975,21): warning C4305: 'initializing': truncation from 'double' to 'float'
C:\Users\Mateja\Desktop\computer-graphics-3d\Source\Main.cpp(975,28): warning C4305: 'initializing': truncation from 'double' to 'float'
C:\Users\Mateja\Desktop\computer-graphics-3d\Source\Main.cpp(975,34): warning C4305: 'initializing': truncation from 'double' to 'float'
C:\Users\Mateja\Desktop\computer-graphics-3d\Source\Main.cpp(975,40): warning C4305: 'initializing': truncation from 'double' to 'float'
C:\Users\Mateja\Desktop\computer-graphics-3d\Source\Main.cpp(976,15): warning C4305: 'initializing': truncation from 'double' to 'float'
C:\Users\Mateja\Desktop\computer-graphics-3d\Source\Main.cpp(976,21): warning C4305: 'initializing': truncation from 'double' to 'float'
C:\Users\Mateja\Desktop\computer-graphics-3d\Source\Main.cpp(976,28): warning C4305: 'initializing': truncation from 'double' to 'float'
C:\Users\Mateja\Desktop\computer-graphics-3d\Source\Main.cpp(976,34): warning C4305: 'initializing': truncation from 'double' to 'float'
C:\Users\Mateja\Desktop\computer-graphics-3d\Source\Main.cpp(976,40): warning C4305: 'initializing': truncation from 'double' to 'float'
C:\Users\Mateja\Desktop\computer-graphics-3d\Source\Main.cpp(979,14): warning C4305: 'initializing': truncation from 'double' to 'float'
C:\Users\Mateja\Desktop\computer-graphics-3d\Source\Main.cpp(979,28): warning C4305: 'initializing': truncation from 'double' to 'float'
C:\Users\Mateja\Desktop\computer-graphics-3d\Source\Main.cpp(979,34): warning C4305: 'initializing': truncation from 'double' to 'float'
C:\Users\Mateja\Desktop\computer-graphics-3d\Source\Main.cpp(979,40): warning C4305: 'initializing': truncation from 'double' to 'float'
C:\Users\Mateja\Desktop\computer-graphics-3d\Source\Main.cpp(980,14): warning C4305: 'initializing': truncation from 'double' to 'float'
C:\Users\Mateja\Desktop\computer-graphics-3d\Source\Main.cpp(980,27): warning C4305: 'initializing': truncation from 'double' to 'float'
C:\Users\Mateja\Desktop\computer-graphics-3d\Source\Main.cpp(980,33): warning C4305: 'initializing': truncation from 'double' to 'float'
C:\Users\Mateja\Desktop\computer-graphics-3d\Source\Main.cpp(980,39): warning C4305: 'initializing': truncation from 'double' to 'float'
C:\Users\Mateja\Desktop\computer-graphics-3d\Source\Main.cpp(981,14): warning C4305: 'initializing': truncation from 'double' to 'float'
C:\Users\Mateja\Desktop\computer-graphics-3d\Source\Main.cpp(981,19): warning C4305: 'initializing': truncation from 'double' to 'float'
C:\Users\Mateja\Desktop\computer-graphics-3d\Source\Main.cpp(981,27): warning C4305: 'initializing': truncation from 'double' to 'float'
C:\Users\Mateja\Desktop\computer-graphics-3d\Source\Main.cpp(981,33): warning C4305: 'initializing': truncation from 'double' to 'float'
C:\Users\Mateja\Desktop\computer-graphics-3d\Source\Main.cpp(981,39): warning C4305: 'initializing': truncation from 'double' to 'float'
C:\Users\Mateja\Desktop\computer-graphics-3d\Source\Main.cpp(982,14): warning C4305: 'initializing': truncation from 'double' to 'float'
C:\Users\Mateja\Desktop\computer-graphics-3d\Source\Main.cpp(982,20): warning C4305: 'initializing': truncation from 'double' to 'float'
C:\Users\Mateja\Desktop\computer-graphics-3d\Source\Main.cpp(982,28): warning C4305: 'initializing': truncation from 'double' to 'float'
C:\Users\Mateja\Desktop\computer-graphics-3d\Source\Main.cpp(982,34): warning C4305: 'initializing': truncation from 'double' to 'float'
C:\Users\Mateja\Desktop\computer-graphics-3d\Source\Main.cpp(982,40): warning C4305: 'initializing': truncation from 'double' to 'float'
C:\Users\Mateja\Desktop\computer-graphics-3d\Source\Main.cpp(985,15): warning C4305: 'initializing': truncation from 'double' to 'float'
C:\Users\Mateja\Desktop\computer-graphics-3d\Source\Main.cpp(985,21): warning C4305: 'initializing': truncation from 'double' to 'float'
C:\Users\Mateja\Desktop\computer-graphics-3d\Source\Main.cpp(985,28): warning C4305: 'initializing': truncation from 'double' to 'float'
C:\Users\Mateja\Desktop\computer-graphics-3d\Source\Main.cpp(985,34): warning C4305: 'initializing': truncation from 'double' to 'float'
C:\Users\Mateja\Desktop\computer-graphics-3d\Source\Main.cpp(985,40): warning C4305: 'initializing': truncation from 'double' to 'float'
C:\Users\Mateja\Desktop\computer-graphics-3d\Source\Main.cpp(986,10): warning C4305: 'initializing': truncation from 'double' to 'float'
C:\Users\Mateja\Desktop\computer-graphics-3d\Source\Main.cpp(986,16): warning C4305: 'initializing': truncation from 'double' to 'float'
C:\Users\Mateja\Desktop\computer-graphics-3d\Source\Main.cpp(986,22): warning C4305: 'initializing': truncation from 'double' to 'float'
C:\Users\Mateja\Desktop\computer-graphics-3d\Source\Main.cpp(986,29): warning C4305: 'initializing': truncation from 'double' to 'float'
C:\Users\Mateja\Desktop\computer-graphics-3d\Source\Main.cpp(986,35): warning C4305: 'initializing': truncation from 'double' to 'float'
C:\Users\Mateja\Desktop\computer-graphics-3d\Source\Main.cpp(986,41): warning C4305: 'initializing': truncation from 'double' to 'float'
C:\Users\Mateja\Desktop\computer-graphics-3d\Source\Main.cpp(987,10): warning C4305: 'initializing': truncation from 'double' to 'float'
C:\Users\Mateja\Desktop\computer-graphics-3d\Source\Main.cpp(987,16): warning C4305: 'initializing': truncation from 'double' to 'float'
C:\Users\Mateja\Desktop\computer-graphics-3d\Source\Main.cpp(987,30): warning C4305: 'initializing': truncation from 'double' to 'float'
C:\Users\Mateja\Desktop\computer-graphics-3d\Source\Main.cpp(987,36): warning C4305: 'initializing': truncation from 'double' to 'float'
C:\Users\Mateja\Desktop\computer-graphics-3d\Source\Main.cpp(987,42): warning C4305: 'initializing': truncation from 'double' to 'float'
C:\Users\Mateja\Desktop\computer-graphics-3d\Source\Main.cpp(988,15): warning C4305: 'initializing': truncation from 'double' to 'float'
C:\Users\Mateja\Desktop\computer-graphics-3d\Source\Main.cpp(988,29): warning C4305: 'initializing': truncation from 'double' to 'float'
C:\Users\Mateja\Desktop\computer-graphics-3d\Source\Main.cpp(988,35): warning C4305: 'initializing': truncation from 'double' to 'float'
C:\Users\Mateja\Desktop\computer-graphics-3d\Source\Main.cpp(988,41): warning C4305: 'initializing': truncation from 'double' to 'float'
C:\Users\Mateja\Desktop\computer-graphics-3d\Source\Main.cpp(991,15): warning C4305: 'initializing': truncation from 'double' to 'float'
C:\Users\Mateja\Desktop\computer-graphics-3d\Source\Main.cpp(991,29): warning C4305: 'initializing': truncation from 'double' to 'float'
C:\Users\Mateja\Desktop\computer-graphics-3d\Source\Main.cpp(991,35): warning C4305: 'initializing': truncation from 'double' to 'float'
C:\Users\Mateja\Desktop\computer-graphics-3d\Source\Main.cpp(991,41): warning C4305: 'initializing': truncation from 'double' to 'float'
C:\Users\Mateja\Desktop\computer-graphics-3d\Source\Main.cpp(992,10): warning C4305: 'initializing': truncation from 'double' to 'float'
C:\Users\Mateja\Desktop\computer-graphics-3d\Source\Main.cpp(992,16): warning C4305: 'initializing': truncation from 'double' to 'float'
C:\Users\Mateja\Desktop\computer-graphics-3d\Source\Main.cpp(992,30): warning C4305: 'initializing': truncation from 'double' to 'float'
C:\Users\Mateja\Desktop\computer-graphics-3d\Source\Main.cpp(992,36): warning C4305: 'initializing': truncation from 'double' to 'float'
C:\Users\Mateja\Desktop\computer-graphics-3d\Source\Main.cpp(992,42): warning C4305: 'initializing': truncation from 'double' to 'float'
C:\Users\Mateja\Desktop\computer-graphics-3d\Source\Main.cpp(993,10): warning C4305: 'initializing': truncation from 'double' to 'float'
C:\Users\Mateja\Desktop\computer-graphics-3d\Source\Main.cpp(993,15): warning C4305: 'initializing': truncation from 'double' to 'float'
C:\Users\Mateja\Desktop\computer-graphics-3d\Source\Main.cpp(993,30): warning C4305: 'initializing': truncation from 'double' to 'float'
C:\Users\Mateja\Desktop\computer-graphics-3d\Source\Main.cpp(993,36): warning C4305: 'initializing': truncation from 'double' to 'float'
C:\Users\Mateja\Desktop\computer-graphics-3d\Source\Main.cpp(993,42): warning C4305: 'initializing': truncation from 'double' to 'float'
C:\Users\Mateja\Desktop\computer-graphics-3d\Source\Main.cpp(994,14): warning C4305: 'initializing': truncation from 'double' to 'float'
C:\Users\Mateja\Desktop\computer-graphics-3d\Source\Main.cpp(994,29): warning C4305: 'initializing': truncation from 'double' to 'float'
C:\Users\Mateja\Desktop\computer-graphics-3d\Source\Main.cpp(994,35): warning C4305: 'initializing': truncation from 'double' to 'float'
C:\Users\Mateja\Desktop\computer-graphics-3d\Source\Main.cpp(994,41): warning C4305: 'initializing': truncation from 'double' to 'float'
C:\Users\Mateja\Desktop\computer-graphics-3d\Source\Main.cpp(997,15): warning C4305: 'initializing': truncation from 'double' to 'float'
C:\Users\Mateja\Desktop\computer-graphics-3d\Source\Main.cpp(997,21): warning C4305: 'initializing': truncation from 'double' to 'float'
C:\Users\Mateja\Desktop\computer-graphics-3d\Source\Main.cpp(997,28): warning C4305: 'initializing': truncation from 'double' to 'float'
C:\Users\Mateja\Desktop\computer-graphics-3d\Source\Main.cpp(997,34): warning C4305: 'initializing': truncation from 'double' to 'float'
C:\Users\Mateja\Desktop\computer-graphics-3d\Source\Main.cpp(997,40): warning C4305: 'initializing': truncation from 'double' to 'float'
C:\Users\Mateja\Desktop\computer-graphics-3d\Source\Main.cpp(998,10): warning C4305: 'initializing': truncation from 'double' to 'float'
C:\Users\Mateja\Desktop\computer-graphics-3d\Source\Main.cpp(998,16): warning C4305: 'initializing': truncation from 'double' to 'float'
C:\Users\Mateja\Desktop\computer-graphics-3d\Source\Main.cpp(998,22): warning C4305: 'initializing': truncation from 'double' to 'float'
C:\Users\Mateja\Desktop\computer-graphics-3d\Source\Main.cpp(998,29): warning C4305: 'initializing': truncation from 'double' to 'float'
C:\Users\Mateja\Desktop\computer-graphics-3d\Source\Main.cpp(998,35): warning C4305: 'initializing': truncation from 'double' to 'float'
C:\Users\Mateja\Desktop\computer-graphics-3d\Source\Main.cpp(998,41): warning C4305: 'initializing': truncation from 'double' to 'float'
C:\Users\Mateja\Desktop\computer-graphics-3d\Source\Main.cpp(999,10): warning C4305: 'initializing': truncation from 'double' to 'float'
C:\Users\Mateja\Desktop\computer-graphics-3d\Source\Main.cpp(999,15): warning C4305: 'initializing': truncation from 'double' to 'float'
C:\Users\Mateja\Desktop\computer-graphics-3d\Source\Main.cpp(999,22): warning C4305: 'initializing': truncation from 'double' to 'float'
C:\Users\Mateja\Desktop\computer-graphics-3d\Source\Main.cpp(999,29): warning C4305: 'initializing': truncation from 'double' to 'float'
C:\Users\Mateja\Desktop\computer-graphics-3d\Source\Main.cpp(999,35): warning C4305: 'initializing': truncation from 'double' to 'float'
C:\Users\Mateja\Desktop\computer-graphics-3d\Source\Main.cpp(999,41): warning C4305: 'initializing': truncation from 'double' to 'float'
C:\Users\Mateja\Desktop\computer-graphics-3d\Source\Main.cpp(1000,14): warning C4305: 'initializing': truncation from 'double' to 'float'
C:\Users\Mateja\Desktop\computer-graphics-3d\Source\Main.cpp(1000,21): warning C4305: 'initializing': truncation from 'double' to 'float'
C:\Users\Mateja\Desktop\computer-graphics-3d\Source\Main.cpp(1000,28): warning C4305: 'initializing': truncation from 'double' to 'float'
C:\Users\Mateja\Desktop\computer-graphics-3d\Source\Main.cpp(1000,34): warning C4305: 'initializing': truncation from 'double' to 'float'
C:\Users\Mateja\Desktop\computer-graphics-3d\Source\Main.cpp(1000,40): warning C4305: 'initializing': truncation from 'double' to 'float'
C:\Users\Mateja\Desktop\computer-graphics-3d\Source\Main.cpp(1003,14): warning C4305: 'initializing': truncation from 'double' to 'float'
C:\Users\Mateja\Desktop\computer-graphics-3d\Source\Main.cpp(1003,21): warning C4305: 'initializing': truncation from 'double' to 'float'
C:\Users\Mateja\Desktop\computer-graphics-3d\Source\Main.cpp(1003,28): warning C4305: 'initializing': truncation from 'double' to 'float'
C:\Users\Mateja\Desktop\computer-graphics-3d\Source\Main.cpp(1003,34): warning C4305: 'initializing': truncation from 'double' to 'float'
C:\Users\Mateja\Desktop\computer-graphics-3d\Source\Main.cpp(1003,40): warning C4305: 'initializing': truncation from 'double' to 'float'
C:\Users\Mateja\Desktop\computer-graphics-3d\Source\Main.cpp(1004,10): warning C4305: 'initializing': truncation from 'double' to 'float'
C:\Users\Mateja\Desktop\computer-graphics-3d\Source\Main.cpp(1004,15): warning C4305: 'initializing': truncation from 'double' to 'float'
C:\Users\Mateja\Desktop\computer-graphics-3d\Source\Main.cpp(1004,22): warning C4305: 'initializing': truncation from 'double' to 'float'
C:\Users\Mateja\Desktop\computer-graphics-3d\Source\Main.cpp(1004,29): warning C4305: 'initializing': truncation from 'double' to 'float'
C:\Users\Mateja\Desktop\computer-graphics-3d\Source\Main.cpp(1004,35): warning C4305: 'initializing': truncation from 'double' to 'float'
C:\Users\Mateja\Desktop\computer-graphics-3d\Source\Main.cpp(1004,41): warning C4305: 'initializing': truncation from 'double' to 'float'
C:\Users\Mateja\Desktop\computer-graphics-3d\Source\Main.cpp(1005,10): warning C4305: 'initializing': truncation from 'double' to 'float'
C:\Users\Mateja\Desktop\computer-graphics-3d\Source\Main.cpp(1005,15): warning C4305: 'initializing': truncation from 'double' to 'float'
C:\Users\Mateja\Desktop\computer-graphics-3d\Source\Main.cpp(1005,30): warning C4305: 'initializing': truncation from 'double' to 'float'
C:\Users\Mateja\Desktop\computer-graphics-3d\Source\Main.cpp(1005,36): warning C4305: 'initializing': truncation from 'double' to 'float'
C:\Users\Mateja\Desktop\computer-graphics-3d\Source\Main.cpp(1005,42): warning C4305: 'initializing': truncation from 'double' to 'float'
C:\Users\Mateja\Desktop\computer-graphics-3d\Source\Main.cpp(1006,14): warning C4305: 'initializing': truncation from 'double' to 'float'
C:\Users\Mateja\Desktop\computer-graphics-3d\Source\Main.cpp(1006,29): warning C4305: 'initializing': truncation from 'double' to 'float'
C:\Users\Mateja\Desktop\computer-graphics-3d\Source\Main.cpp(1006,35): warning C4305: 'initializing': truncation from 'double' to 'float'
C:\Users\Mateja\Desktop\computer-graphics-3d\Source\Main.cpp(1006,41): warning C4305: 'initializing': truncation from 'double' to 'float'
C:\Users\Mateja\Desktop\computer-graphics-3d\Source\Main.cpp(1009,10): warning C4305: 'initializing': truncation from 'double' to 'float'
C:\Users\Mateja\Desktop\computer-graphics-3d\Source\Main.cpp(1009,17): warning C4305: 'initializing': truncation from 'double' to 'float'
C:\Users\Mateja\Desktop\computer-graphics-3d\Source\Main.cpp(1009,23): warning C4305: 'initializing': truncation from 'double' to 'float'
C:\Users\Mateja\Desktop\computer-graphics-3d\Source\Main.cpp(1009,31): warning C4305: 'initializing': truncation from 'double' to 'float'
C:\Users\Mateja\Desktop\computer-graphics-3d\Source\Main.cpp(1009,36): warning C4305: 'initializing': truncation from 'double' to 'float'
C:\Users\Mateja\Desktop\computer-graphics-3d\Source\Main.cpp(1010,10): warning C4305: 'initializing': truncation from 'double' to 'float'
C:\Users\Mateja\Desktop\computer-graphics-3d\Source\Main.cpp(1010,17): warning C4305: 'initializing': truncation from 'double' to 'float'
C:\Users\Mateja\Desktop\computer-graphics-3d\Source\Main.cpp(1010,22): warning C4305: 'initializing': truncation from 'double' to 'float'
C:\Users\Mateja\Desktop\computer-graphics-3d\Source\Main.cpp(1010,31): warning C4305: 'initializing': truncation from 'double' to 'float'
C:\Users\Mateja\Desktop\computer-graphics-3d\Source\Main.cpp(1010,36): warning C4305: 'initializing': truncation from 'double' to 'float'
C:\Users\Mateja\Desktop\computer-graphics-3d\Source\Main.cpp(1011,10): warning C4305: 'initializing': truncation from 'double' to 'float'
C:\Users\Mateja\Desktop\computer-graphics-3d\Source\Main.cpp(1011,16): warning C4305: 'initializing': truncation from 'double' to 'float'
C:\Users\Mateja\Desktop\computer-graphics-3d\Source\Main.cpp(1011,22): warning C4305: 'initializing': truncation from 'double' to 'float'
C:\Users\Mateja\Desktop\computer-graphics-3d\Source\Main.cpp(1011,31): warning C4305: 'initializing': truncation from 'double' to 'float'
C:\Users\Mateja\Desktop\computer-graphics-3d\Source\Main.cpp(1011,36): warning C4305: 'initializing': truncation from 'double' to 'float'
C:\Users\Mateja\Desktop\computer-graphics-3d\Source\Main.cpp(1012,10): warning C4305: 'initializing': truncation from 'double' to 'float'
C:\Users\Mateja\Desktop\computer-graphics-3d\Source\Main.cpp(1012,16): warning C4305: 'initializing': truncation from 'double' to 'float'
C:\Users\Mateja\Desktop\computer-graphics-3d\Source\Main.cpp(1012,23): warning C4305: 'initializing': truncation from 'double' to 'float'
C:\Users\Mateja\Desktop\computer-graphics-3d\Source\Main.cpp(1012,31): warning C4305: 'initializing': truncation from 'double' to 'float'
C:\Users\Mateja\Desktop\computer-graphics-3d\Source\Main.cpp(1012,36): warning C4305: 'initializing': truncation from 'double' to 'float'
C:\Users\Mateja\Desktop\computer-graphics-3d\Source\Main.cpp(1015,9): warning C4305: 'initializing': truncation from 'double' to 'float'
C:\Users\Mateja\Desktop\computer-graphics-3d\Source\Main.cpp(1015,15): warning C4305: 'initializing': truncation from 'double' to 'float'
C:\Users\Mateja\Desktop\computer-graphics-3d\Source\Main.cpp(1015,20): warning C4305: 'initializing': truncation from 'double' to 'float'
C:\Users\Mateja\Desktop\computer-graphics-3d\Source\Main.cpp(1015,27): warning C4305: 'initializing': truncation from 'double' to 'float'
C:\Users\Mateja\Desktop\computer-graphics-3d\Source\Main.cpp(1015,32): warning C4305: 'initializing': truncation from 'double' to 'float'
C:\Users\Mateja\Desktop\computer-graphics-3d\Source\Main.cpp(1016,10): warning C4305: 'initializing': truncation from 'double' to 'float'
C:\Users\Mateja\Desktop\computer-graphics-3d\Source\Main.cpp(1016,15): warning C4305: 'initializing': truncation from 'double' to 'float'
C:\Users\Mateja\Desktop\computer-graphics-3d\Source\Main.cpp(1016,20): warning C4305: 'initializing': truncation from 'double' to 'float'
C:\Users\Mateja\Desktop\computer-graphics-3d\Source\Main.cpp(1016,27): warning C4305: 'initializing': truncation from 'double' to 'float'
C:\Users\Mateja\Desktop\computer-graphics-3d\Source\Main.cpp(1016,32): warning C4305: 'initializing': truncation from 'double' to 'float'
C:\Users\Mateja\Desktop\computer-graphics-3d\Source\Main.cpp(1017,10): warning C4305: 'initializing': truncation from 'double' to 'float'
C:\Users\Mateja\Desktop\computer-graphics-3d\Source\Main.cpp(1017,14): warning C4305: 'initializing': truncation from 'double' to 'float'
C:\Users\Mateja\Desktop\computer-graphics-3d\Source\Main.cpp(1017,20): warning C4305: 'initializing': truncation from 'double' to 'float'
C:\Users\Mateja\Desktop\computer-graphics-3d\Source\Main.cpp(1017,27): warning C4305: 'initializing': truncation from 'double' to 'float'
C:\Users\Mateja\Desktop\computer-graphics-3d\Source\Main.cpp(1017,32): warning C4305: 'initializing': truncation from 'double' to 'float'
C:\Users\Mateja\Desktop\computer-graphics-3d\Source\Main.cpp(1018,9): warning C4305: 'initializing': truncation from 'double' to 'float'
C:\Users\Mateja\Desktop\computer-graphics-3d\Source\Main.cpp(1018,14): warning C4305: 'initializing': truncation from 'double' to 'float'
C:\Users\Mateja\Desktop\computer-graphics-3d\Source\Main.cpp(1018,20): warning C4305: 'initializing': truncation from 'double' to 'float'
C:\Users\Mateja\Desktop\computer-graphics-3d\Source\Main.cpp(1018,27): warning C4305: 'initializing': truncation from 'double' to 'float'
C:\Users\Mateja\Desktop\computer-graphics-3d\Source\Main.cpp(1018,32): warning C4305: 'initializing': truncation from 'double' to 'float'
C:\Users\Mateja\Desktop\computer-graphics-3d\Source\Main.cpp(1021,9): warning C4305: 'initializing': truncation from 'double' to 'float'
C:\Users\Mateja\Desktop\computer-graphics-3d\Source\Main.cpp(1021,14): warning C4305: 'initializing': truncation from 'double' to 'float'
C:\Users\Mateja\Desktop\computer-graphics-3d\Source\Main.cpp(1021,20): warning C4305: 'initializing': truncation from 'double' to 'float'
C:\Users\Mateja\Desktop\computer-graphics-3d\Source\Main.cpp(1021,27): warning C4305: 'initializing': truncation from 'double' to 'float'
C:\Users\Mateja\Desktop\computer-graphics-3d\Source\Main.cpp(1021,32): warning C4305: 'initializing': truncation from 'double' to 'float'
C:\Users\Mateja\Desktop\computer-graphics-3d\Source\Main.cpp(1022,10): warning C4305: 'initializing': truncation from 'double' to 'float'
C:\Users\Mateja\Desktop\computer-graphics-3d\Source\Main.cpp(1022,14): warning C4305: 'initializing': truncation from 'double' to 'float'
C:\Users\Mateja\Desktop\computer-graphics-3d\Source\Main.cpp(1022,20): warning C4305: 'initializing': truncation from 'double' to 'float'
C:\Users\Mateja\Desktop\computer-graphics-3d\Source\Main.cpp(1022,27): warning C4305: 'initializing': truncation from 'double' to 'float'
C:\Users\Mateja\Desktop\computer-graphics-3d\Source\Main.cpp(1022,32): warning C4305: 'initializing': truncation from 'double' to 'float'
C:\Users\Mateja\Desktop\computer-graphics-3d\Source\Main.cpp(1023,10): warning C4305: 'initializing': truncation from 'double' to 'float'
C:\Users\Mateja\Desktop\computer-graphics-3d\Source\Main.cpp(1023,14): warning C4305: 'initializing': truncation from 'double' to 'float'
C:\Users\Mateja\Desktop\computer-graphics-3d\Source\Main.cpp(1023,27): warning C4305: 'initializing': truncation from 'double' to 'float'
C:\Users\Mateja\Desktop\computer-graphics-3d\Source\Main.cpp(1023,32): warning C4305: 'initializing': truncation from 'double' to 'float'
C:\Users\Mateja\Desktop\computer-graphics-3d\Source\Main.cpp(1024,9): warning C4305: 'initializing': truncation from 'double' to 'float'
C:\Users\Mateja\Desktop\computer-graphics-3d\Source\Main.cpp(1024,14): warning C4305: 'initializing': truncation from 'double' to 'float'
C:\Users\Mateja\Desktop\computer-graphics-3d\Source\Main.cpp(1024,27): warning C4305: 'initializing': truncation from 'double' to 'float'
C:\Users\Mateja\Desktop\computer-graphics-3d\Source\Main.cpp(1024,32): warning C4305: 'initializing': truncation from 'double' to 'float'
C:\Users\Mateja\Desktop\computer-graphics-3d\Source\Main.cpp(1405,26): warning C4566: character represented by universal-character-name '\u010C' cannot be represented in the current code page (1252)
C:\Users\Mateja\Desktop\computer-graphics-3d\Source\Main.cpp(1415,26): warning C4566: character represented by universal-character-name '\u010C' cannot be represented in the current code page (1252)
C:\Users\Mateja\Desktop\computer-graphics-3d\Source\Main.cpp(1426,26): warning C4566: character represented by universal-character-name '\u010C' cannot be represented in the current code page (1252)
C:\Users\Mateja\Desktop\computer-graphics-3d\Source\Main.cpp(1436,26): warning C4566: character represented by universal-character-name '\u010C' cannot be represented in the current code page (1252)
C:\Users\Mateja\Desktop\computer-graphics-3d\Source\Main.cpp(1447,55): warning C4244: '=': conversion from 'double' to 'float', possible loss of data
  Kostur.vcxproj -> C:\Users\Mateja\Desktop\computer-graphics-3d\x64\Debug\Kostur.exe
